<?xml version="1.0" encoding="UTF-8"?>
<testng-results ignored="0" total="4" passed="4" failed="0" skipped="0">
  <reporter-output>
  </reporter-output>
  <suite started-at="2025-02-16T11:54:50 COT" name="Test Suite" finished-at="2025-02-16T11:55:54 COT" duration-ms="63186">
    <groups>
    </groups>
    <test started-at="2025-02-16T11:54:50 COT" name="Test" finished-at="2025-02-16T11:55:54 COT" duration-ms="63186">
      <class name="testing.SwipeHorizontalTest">
        <test-method signature="Swiping()[pri:0, instance:testing.SwipeHorizontalTest@320494b6]" started-at="2025-02-16T11:55:18 COT" name="Swiping" finished-at="2025-02-16T11:55:33 COT" duration-ms="14073" status="PASS">
          <reporter-output>
          </reporter-output>
        </test-method> <!-- Swiping -->
      </class> <!-- testing.SwipeHorizontalTest -->
      <class name="testing.SignUpTest">
        <test-method signature="SigningUp()[pri:0, instance:testing.SignUpTest@652ab8d9]" started-at="2025-02-16T11:55:33 COT" name="SigningUp" finished-at="2025-02-16T11:55:54 COT" duration-ms="21121" status="PASS">
          <reporter-output>
          </reporter-output>
        </test-method> <!-- SigningUp -->
      </class> <!-- testing.SignUpTest -->
      <class name="testing.LoginTest">
        <test-method signature="LoginWithCredentials()[pri:0, instance:testing.LoginTest@6dd91637]" started-at="2025-02-16T11:54:51 COT" name="LoginWithCredentials" finished-at="2025-02-16T11:55:05 COT" duration-ms="14333" status="PASS">
          <reporter-output>
          </reporter-output>
        </test-method> <!-- LoginWithCredentials -->
      </class> <!-- testing.LoginTest -->
      <class name="testing.FormsComponentsTest">
        <test-method signature="FormsInteractions()[pri:0, instance:testing.FormsComponentsTest@31ee96f4]" started-at="2025-02-16T11:55:05 COT" name="FormsInteractions" finished-at="2025-02-16T11:55:18 COT" duration-ms="13408" status="PASS">
          <reporter-output>
          </reporter-output>
        </test-method> <!-- FormsInteractions -->
      </class> <!-- testing.FormsComponentsTest -->
    </test> <!-- Test -->
  </suite> <!-- Test Suite -->
</testng-results>
