<?xml version="1.0" encoding="UTF-8"?>
<testsuite xmlns:xsi="http://www.w3.org/2001/XMLSchema-instance" xsi:noNamespaceSchemaLocation="https://maven.apache.org/surefire/maven-surefire-plugin/xsd/surefire-test-report.xsd" version="3.0.2" name="TestSuite" time="65.475" tests="4" errors="0" skipped="0" failures="0">
  <properties>
[...]
</properties>
  <testcase name="LoginWithCredentials" classname="testing.LoginTest" time="14.46">
    <system-out><![CDATA[Log-in is: Success
]]></system-out>
    <system-err><![CDATA[SLF4J(W): No SLF4J providers were found.
SLF4J(W): Defaulting to no-operation (NOP) logger implementation
SLF4J(W): See https://www.slf4j.org/codes.html#noProviders for further details.
]]></system-err>
  </testcase>
  <testcase name="FormsInteractions" classname="testing.FormsComponentsTest" time="13.412">
    <system-out><![CDATA[Click to turn the switch ON
]]></system-out>
  </testcase>
  <testcase name="Swiping" classname="testing.SwipeHorizontalTest" time="14.076"/>
  <testcase name="SigningUp" classname="testing.SignUpTest" time="21.123"/>
</testsuite>