<?xml version="1.0" encoding="UTF-8"?>
<!-- Generated by org.testng.reporters.JUnitXMLReporter -->
<testsuite ignored="0" hostname="LAPTOP-JI6I8DAU" failures="0" tests="4" name="Test" time="63.186" errors="0" timestamp="2025-02-16T11:55:54 COT">
  <testcase classname="testing.LoginTest" name="LoginWithCredentials" time="14.333"/>
  <testcase classname="testing.FormsComponentsTest" name="FormsInteractions" time="13.408"/>
  <testcase classname="testing.SwipeHorizontalTest" name="Swiping" time="14.073"/>
  <testcase classname="testing.SignUpTest" name="SigningUp" time="21.121"/>
</testsuite> <!-- Test -->
